<?xml version="1.0" encoding="UTF-8"?>
<!-- Generated by org.testng.reporters.JUnitXMLReporter -->
<testsuite hostname="DESKTOP-SQIIQB8" ignored="0" name="Default test" tests="3" failures="0" timestamp="03 May 2020 12:10:17 GMT" time="0.059" errors="0">
  <testcase name="login" time="0.01" classname="com.practice.DataProvider_Practice"/>
  <testcase name="login" time="0.003" classname="com.practice.DataProvider_Practice"/>
  <testcase name="login" time="0.002" classname="com.practice.DataProvider_Practice"/>
</testsuite> <!-- Default test -->
