<?xml version="1.0" encoding="UTF-8"?>
<!-- Generated by org.testng.reporters.JUnitXMLReporter -->
<testsuite hostname="DESKTOP-SQIIQB8" ignored="6" name="CarLoan" tests="3" failures="0" timestamp="03 May 2020 12:54:23 GMT" time="0.059" errors="0">
  <testcase name="webLogin" time="0.013" classname="com.practice.CarLoan"/>
  <testcase name="webLogin" time="0.003" classname="com.practice.HomeLoan"/>
  <testcase name="apiLogin" time="0.002" classname="com.practice.PersonalLoan"/>
  <testcase name="apiLogin" time="0.0" classname="com.practice.HomeLoan">
    <ignored/>
  </testcase> <!-- apiLogin -->
  <testcase name="mobileLogin" time="0.0" classname="com.practice.HomeLoan">
    <ignored/>
  </testcase> <!-- mobileLogin -->
  <testcase name="mobileLogin" time="0.0" classname="com.practice.PersonalLoan">
    <ignored/>
  </testcase> <!-- mobileLogin -->
  <testcase name="apiLogin" time="0.0" classname="com.practice.CarLoan">
    <ignored/>
  </testcase> <!-- apiLogin -->
  <testcase name="mobileLogin" time="0.0" classname="com.practice.CarLoan">
    <ignored/>
  </testcase> <!-- mobileLogin -->
  <testcase name="webLogin" time="0.0" classname="com.practice.PersonalLoan">
    <ignored/>
  </testcase> <!-- webLogin -->
</testsuite> <!-- CarLoan -->
