<?xml version="1.0" encoding="UTF-8"?>
<!-- Generated by org.testng.reporters.JUnitXMLReporter -->
<testsuite hostname="DESKTOP-SQIIQB8" ignored="0" name="HomeLoan" tests="3" failures="0" timestamp="01 May 2020 15:10:37 GMT" time="0.012" errors="0">
  <testcase name="apiLogin" time="0.001" classname="com.practice.HomeLoan"/>
  <testcase name="mobileLogin" time="0.002" classname="com.practice.HomeLoan"/>
  <testcase name="webLogin" time="0.001" classname="com.practice.HomeLoan"/>
</testsuite> <!-- HomeLoan -->
